[2026-04-26T07:08:35.684Z] [INFO] === JK PosMan Application Starting ===
[2026-04-26T07:08:35.688Z] [INFO] Platform: win32
[2026-04-26T07:08:35.688Z] [INFO] Architecture: x64
[2026-04-26T07:08:35.689Z] [INFO] Node version: 22.21.1
[2026-04-26T07:08:35.689Z] [INFO] Electron version: 39.2.7
[2026-04-26T07:08:35.690Z] [INFO] Is packaged: true
[2026-04-26T07:08:35.690Z] [INFO] App path: C:\Users\Administrator\AppData\Local\Programs\JK PosMan\resources\app.asar
[2026-04-26T07:08:35.692Z] [INFO] User data: C:\Users\Administrator\AppData\Roaming\posman-app
[2026-04-26T07:08:36.101Z] [INFO] App is ready, creating window with loading screen...
[2026-04-26T07:08:36.239Z] [INFO] Loading URL: http://localhost:2026
[2026-04-26T07:08:36.248Z] [INFO] Window started loading: 
[2026-04-26T07:08:36.250Z] [INFO] Starting Next.js server...
[2026-04-26T07:08:36.251Z] [INFO] Checking unpacked path: C:\Users\Administrator\AppData\Local\Programs\JK PosMan\resources\app.asar.unpacked\.next\standalone
[2026-04-26T07:08:36.251Z] [INFO] Unpacked server.js exists: false
[2026-04-26T07:08:36.252Z] [INFO] Checking alt unpacked path: C:\Users\Administrator\AppData\Local\Programs\JK PosMan\resources\.next\standalone
[2026-04-26T07:08:36.252Z] [INFO] Alt unpacked server.js exists: true
[2026-04-26T07:08:36.253Z] [INFO] Checking extraResources path: C:\Users\Administrator\AppData\Local\Programs\JK PosMan\resources\.next\standalone
[2026-04-26T07:08:36.253Z] [INFO] ExtraResources server.js exists: true
[2026-04-26T07:08:36.254Z] [INFO] Checking extraFiles path: C:\Users\Administrator\AppData\Local\Programs\JK PosMan\.next\standalone
[2026-04-26T07:08:36.254Z] [INFO] ExtraFiles server.js exists: false
[2026-04-26T07:08:36.255Z] [INFO] Listing ALL contents of resources directory: C:\Users\Administrator\AppData\Local\Programs\JK PosMan\resources
[2026-04-26T07:08:36.255Z] [INFO] Resources directory contents (3 items):
[2026-04-26T07:08:36.256Z] [INFO]   [DIR]  .next/
[2026-04-26T07:08:36.257Z] [INFO]          Contains: standalone
[2026-04-26T07:08:36.257Z] [INFO]   [FILE] app.asar (0.00 KB)
[2026-04-26T07:08:36.258Z] [INFO]   [FILE] elevate.exe (105.00 KB)
[2026-04-26T07:08:36.258Z] [INFO] Using extraResources path (copied to resources/.next/standalone)
[2026-04-26T07:08:36.259Z] [INFO] App path: C:\Users\Administrator\AppData\Local\Programs\JK PosMan\resources\app.asar
[2026-04-26T07:08:36.259Z] [INFO] __dirname: C:\Users\Administrator\AppData\Local\Programs\JK PosMan\resources\app.asar\electron
[2026-04-26T07:08:36.259Z] [INFO] Electron dir: C:\Users\Administrator\AppData\Local\Programs\JK PosMan
[2026-04-26T07:08:36.260Z] [INFO] Looking for Next.js server at: C:\Users\Administrator\AppData\Local\Programs\JK PosMan\resources\.next\standalone\server.js
[2026-04-26T07:08:36.269Z] [INFO] Next.js path exists: true
[2026-04-26T07:08:36.269Z] [INFO] Server.js exists: true
[2026-04-26T07:08:36.270Z] [INFO] Server script path: C:\Users\Administrator\AppData\Local\Programs\JK PosMan\resources\.next\standalone\server.js
[2026-04-26T07:08:36.271Z] [INFO] Working directory: C:\Users\Administrator\AppData\Local\Programs\JK PosMan\resources\.next\standalone
[2026-04-26T07:08:36.271Z] [INFO] Using utilityProcess API (Electron's recommended approach)
[2026-04-26T07:08:36.272Z] [INFO] Attempting to fork server at: C:\Users\Administrator\AppData\Local\Programs\JK PosMan\resources\.next\standalone\server.js
[2026-04-26T07:08:36.272Z] [INFO] Server path exists: true
[2026-04-26T07:08:36.273Z] [INFO] Server path is absolute: true
[2026-04-26T07:08:36.275Z] [INFO] utilityProcess.fork() called successfully
[2026-04-26T07:08:36.275Z] [INFO] Process PID: unknown
[2026-04-26T07:08:36.342Z] [INFO] Next.js server process spawned successfully
[2026-04-26T07:08:36.786Z] [INFO] Checking server readiness (attempt 1/240) at http://localhost:2026...
[2026-04-26T07:08:37.278Z] [INFO] Process still running, PID: 3492
[2026-04-26T07:08:37.279Z] [INFO] Checking server readiness (attempt 2/240) at http://localhost:2026...
[2026-04-26T07:08:37.794Z] [INFO] Checking server readiness (attempt 3/240) at http://localhost:2026...
[2026-04-26T07:08:38.294Z] [INFO] Checking server readiness (attempt 4/240) at http://localhost:2026...
[2026-04-26T07:08:38.795Z] [INFO] Checking server readiness (attempt 5/240) at http://localhost:2026...
[2026-04-26T07:08:39.310Z] [INFO] Checking server readiness (attempt 6/240) at http://localhost:2026...
[2026-04-26T07:08:39.825Z] [INFO] Checking server readiness (attempt 7/240) at http://localhost:2026...
[2026-04-26T07:08:40.326Z] [INFO] Checking server readiness (attempt 8/240) at http://localhost:2026...
[2026-04-26T07:08:40.841Z] [INFO] Checking server readiness (attempt 9/240) at http://localhost:2026...
[2026-04-26T07:08:41.341Z] [INFO] Checking server readiness (attempt 10/240) at http://localhost:2026...
[2026-04-26T07:08:41.345Z] [INFO] Server not ready yet: 
[2026-04-26T07:08:41.841Z] [INFO] Checking server readiness (attempt 11/240) at http://localhost:2026...
[2026-04-26T07:08:42.341Z] [INFO] Checking server readiness (attempt 12/240) at http://localhost:2026...
[2026-04-26T07:08:42.841Z] [INFO] Checking server readiness (attempt 13/240) at http://localhost:2026...
[2026-04-26T07:08:43.341Z] [INFO] Checking server readiness (attempt 14/240) at http://localhost:2026...
[2026-04-26T07:08:43.842Z] [INFO] Checking server readiness (attempt 15/240) at http://localhost:2026...
[2026-04-26T07:08:44.341Z] [INFO] Checking server readiness (attempt 16/240) at http://localhost:2026...
[2026-04-26T07:08:44.857Z] [INFO] Checking server readiness (attempt 17/240) at http://localhost:2026...
[2026-04-26T07:08:45.357Z] [INFO] Checking server readiness (attempt 18/240) at http://localhost:2026...
[2026-04-26T07:08:45.857Z] [INFO] Checking server readiness (attempt 19/240) at http://localhost:2026...
[2026-04-26T07:08:46.372Z] [INFO] Checking server readiness (attempt 20/240) at http://localhost:2026...
[2026-04-26T07:08:46.377Z] [INFO] Server not ready yet: 
[2026-04-26T07:08:46.455Z] [INFO] Window navigated to: data:text/html;charset=utf-8,%3C!DOCTYPE%20html%3E%0A%3Chtml%3E%3Chead%3E%3Cmeta%20charset%3D%22utf-8%22%3E%3Ctitle%3EJK%20PosMan%3C%2Ftitle%3E%0A%3Cstyle%3E*%7Bmargin%3A0%3Bbox-sizing%3Aborder-box%7D%0Abody%7Bbackground%3A%230f172a%3Bcolor%3A%2394a3b8%3Bfont-family%3Asystem-ui%2Csans-serif%3B%0Adisplay%3Aflex%3Bjustify-content%3Acenter%3Balign-items%3Acenter%3Bheight%3A100vh%7D%0A.card%7Btext-align%3Acenter%3Bpadding%3A2rem%7D%0Ah2%7Bcolor%3A%23e2e8f0%3Bfont-size%3A1.5rem%3Bmargin-bottom%3A.5rem%7D%0A.sub%7Bfont-size%3A.9rem%3Bmargin-bottom%3A1.5rem%7D%0A.hint%7Bfont-size%3A.75rem%3Bopacity%3A.5%3Bmargin-top%3A1rem%7D%0A.spinner%7Bwidth%3A36px%3Bheight%3A36px%3Bborder%3A3px%20solid%20%231e3a5f%3Bborder-top-color%3A%233b82f6%3B%0Aborder-radius%3A50%25%3Banimation%3Aspin%201s%20linear%20infinite%3Bmargin%3A0%20auto%201rem%7D%0A%40keyframes%20spin%7Bto%7Btransform%3Arotate(360deg)%7D%7D%3C%2Fstyle%3E%3C%2Fhead%3E%0A%3Cbody%3E%3Cdiv%20class%3D%22card%22%3E%0A%3Cdiv%20class%3D%22spinner%22%3E%3C%2Fdiv%3E%0A%3Ch2%3EJK%20PosMan%3C%2Fh2%3E%0A%3Cp%20class%3D%22sub%22%3EStarting%20application%2C%20please%20wait%E2%80%A6%3C%2Fp%3E%0A%3Cp%20class%3D%22hint%22%3EFirst%20launch%20initialises%20the%20database%20and%20may%20take%20up%20to%20a%20minute.%3C%2Fp%3E%0A%3C%2Fdiv%3E%3C%2Fbody%3E%3C%2Fhtml%3E
[2026-04-26T07:08:46.604Z] [INFO] Window finished loading: data:text/html;charset=utf-8,%3C!DOCTYPE%20html%3E%0A%3Chtml%3E%3Chead%3E%3Cmeta%20charset%3D%22utf-8%22%3E%3Ctitle%3EJK%20PosMan%3C%2Ftitle%3E%0A%3Cstyle%3E*%7Bmargin%3A0%3Bbox-sizing%3Aborder-box%7D%0Abody%7Bbackground%3A%230f172a%3Bcolor%3A%2394a3b8%3Bfont-family%3Asystem-ui%2Csans-serif%3B%0Adisplay%3Aflex%3Bjustify-content%3Acenter%3Balign-items%3Acenter%3Bheight%3A100vh%7D%0A.card%7Btext-align%3Acenter%3Bpadding%3A2rem%7D%0Ah2%7Bcolor%3A%23e2e8f0%3Bfont-size%3A1.5rem%3Bmargin-bottom%3A.5rem%7D%0A.sub%7Bfont-size%3A.9rem%3Bmargin-bottom%3A1.5rem%7D%0A.hint%7Bfont-size%3A.75rem%3Bopacity%3A.5%3Bmargin-top%3A1rem%7D%0A.spinner%7Bwidth%3A36px%3Bheight%3A36px%3Bborder%3A3px%20solid%20%231e3a5f%3Bborder-top-color%3A%233b82f6%3B%0Aborder-radius%3A50%25%3Banimation%3Aspin%201s%20linear%20infinite%3Bmargin%3A0%20auto%201rem%7D%0A%40keyframes%20spin%7Bto%7Btransform%3Arotate(360deg)%7D%7D%3C%2Fstyle%3E%3C%2Fhead%3E%0A%3Cbody%3E%3Cdiv%20class%3D%22card%22%3E%0A%3Cdiv%20class%3D%22spinner%22%3E%3C%2Fdiv%3E%0A%3Ch2%3EJK%20PosMan%3C%2Fh2%3E%0A%3Cp%20class%3D%22sub%22%3EStarting%20application%2C%20please%20wait%E2%80%A6%3C%2Fp%3E%0A%3Cp%20class%3D%22hint%22%3EFirst%20launch%20initialises%20the%20database%20and%20may%20take%20up%20to%20a%20minute.%3C%2Fp%3E%0A%3C%2Fdiv%3E%3C%2Fbody%3E%3C%2Fhtml%3E
[2026-04-26T07:08:46.606Z] [INFO] Page title: JK PosMan
[2026-04-26T07:08:46.882Z] [INFO] Checking server readiness (attempt 21/240) at http://localhost:2026...
[2026-04-26T07:08:47.387Z] [INFO] Checking server readiness (attempt 22/240) at http://localhost:2026...
[2026-04-26T07:08:47.888Z] [INFO] Checking server readiness (attempt 23/240) at http://localhost:2026...
[2026-04-26T07:08:48.403Z] [INFO] Checking server readiness (attempt 24/240) at http://localhost:2026...
[2026-04-26T07:08:48.909Z] [INFO] Checking server readiness (attempt 25/240) at http://localhost:2026...
[2026-04-26T07:08:49.418Z] [INFO] Checking server readiness (attempt 26/240) at http://localhost:2026...
[2026-04-26T07:08:49.926Z] [INFO] Checking server readiness (attempt 27/240) at http://localhost:2026...
[2026-04-26T07:08:50.426Z] [INFO] Checking server readiness (attempt 28/240) at http://localhost:2026...
[2026-04-26T07:08:50.938Z] [INFO] Checking server readiness (attempt 29/240) at http://localhost:2026...
[2026-04-26T07:08:51.439Z] [INFO] Checking server readiness (attempt 30/240) at http://localhost:2026...
[2026-04-26T07:08:51.442Z] [INFO] Server not ready yet: 
[2026-04-26T07:08:51.954Z] [INFO] Checking server readiness (attempt 31/240) at http://localhost:2026...
[2026-04-26T07:08:52.470Z] [INFO] Checking server readiness (attempt 32/240) at http://localhost:2026...
[2026-04-26T07:08:52.970Z] [INFO] Checking server readiness (attempt 33/240) at http://localhost:2026...
[2026-04-26T07:08:53.473Z] [INFO] Checking server readiness (attempt 34/240) at http://localhost:2026...
[2026-04-26T07:08:53.986Z] [INFO] Checking server readiness (attempt 35/240) at http://localhost:2026...
[2026-04-26T07:08:54.489Z] [INFO] Checking server readiness (attempt 36/240) at http://localhost:2026...
[2026-04-26T07:08:54.959Z] [INFO] [server] ▲ Next.js 15.2.8
[2026-04-26T07:08:54.960Z] [INFO] [server] - Local:        http://localhost:2026
[2026-04-26T07:08:54.960Z] [INFO] [server]    - Network:      http://0.0.0.0:2026
[2026-04-26T07:08:54.961Z] [INFO] [server]  ✓ Starting...
[2026-04-26T07:08:55.005Z] [INFO] Checking server readiness (attempt 37/240) at http://localhost:2026...
[2026-04-26T07:08:55.517Z] [INFO] Checking server readiness (attempt 38/240) at http://localhost:2026...
[2026-04-26T07:08:56.020Z] [INFO] Checking server readiness (attempt 39/240) at http://localhost:2026...
[2026-04-26T07:08:56.460Z] [INFO] [server] ✓ Ready in 15.1s
[2026-04-26T07:08:56.529Z] [INFO] Checking server readiness (attempt 40/240) at http://localhost:2026...
[2026-04-26T07:08:57.014Z] [INFO] Server not ready yet: socket hang up
[2026-04-26T07:08:57.029Z] [INFO] Checking server readiness (attempt 41/240) at http://localhost:2026...
[2026-04-26T07:08:57.541Z] [INFO] Checking server readiness (attempt 42/240) at http://localhost:2026...
[2026-04-26T07:08:58.040Z] [INFO] Checking server readiness (attempt 43/240) at http://localhost:2026...
[2026-04-26T07:08:58.541Z] [INFO] Checking server readiness (attempt 44/240) at http://localhost:2026...
[2026-04-26T07:08:59.041Z] [INFO] Checking server readiness (attempt 45/240) at http://localhost:2026...
[2026-04-26T07:08:59.540Z] [INFO] Checking server readiness (attempt 46/240) at http://localhost:2026...
[2026-04-26T07:09:00.048Z] [INFO] Checking server readiness (attempt 47/240) at http://localhost:2026...
[2026-04-26T07:09:00.548Z] [INFO] Checking server readiness (attempt 48/240) at http://localhost:2026...
[2026-04-26T07:09:01.049Z] [INFO] Checking server readiness (attempt 49/240) at http://localhost:2026...
[2026-04-26T07:09:01.549Z] [INFO] Checking server readiness (attempt 50/240) at http://localhost:2026...
[2026-04-26T07:09:01.550Z] [INFO] Server not ready yet: socket hang up
[2026-04-26T07:09:02.049Z] [INFO] Checking server readiness (attempt 51/240) at http://localhost:2026...
[2026-04-26T07:09:02.549Z] [INFO] Checking server readiness (attempt 52/240) at http://localhost:2026...
[2026-04-26T07:09:03.049Z] [INFO] Checking server readiness (attempt 53/240) at http://localhost:2026...
[2026-04-26T07:09:03.549Z] [INFO] Checking server readiness (attempt 54/240) at http://localhost:2026...
[2026-04-26T07:09:04.049Z] [INFO] Checking server readiness (attempt 55/240) at http://localhost:2026...
[2026-04-26T07:09:04.549Z] [INFO] Checking server readiness (attempt 56/240) at http://localhost:2026...
[2026-04-26T07:09:05.054Z] [INFO] Checking server readiness (attempt 57/240) at http://localhost:2026...
[2026-04-26T07:09:05.554Z] [INFO] Checking server readiness (attempt 58/240) at http://localhost:2026...
[2026-04-26T07:09:06.054Z] [INFO] Checking server readiness (attempt 59/240) at http://localhost:2026...
[2026-04-26T07:09:06.560Z] [INFO] Checking server readiness (attempt 60/240) at http://localhost:2026...
[2026-04-26T07:09:06.563Z] [INFO] Server not ready yet: socket hang up
[2026-04-26T07:09:07.063Z] [INFO] Checking server readiness (attempt 61/240) at http://localhost:2026...
[2026-04-26T07:09:07.564Z] [INFO] Checking server readiness (attempt 62/240) at http://localhost:2026...
[2026-04-26T07:09:08.065Z] [INFO] Checking server readiness (attempt 63/240) at http://localhost:2026...
[2026-04-26T07:09:08.580Z] [INFO] Checking server readiness (attempt 64/240) at http://localhost:2026...
[2026-04-26T07:09:09.080Z] [INFO] Checking server readiness (attempt 65/240) at http://localhost:2026...
[2026-04-26T07:09:09.580Z] [INFO] Checking server readiness (attempt 66/240) at http://localhost:2026...
[2026-04-26T07:09:10.080Z] [INFO] Checking server readiness (attempt 67/240) at http://localhost:2026...
[2026-04-26T07:09:10.595Z] [INFO] Checking server readiness (attempt 68/240) at http://localhost:2026...
[2026-04-26T07:09:11.096Z] [INFO] Checking server readiness (attempt 69/240) at http://localhost:2026...
[2026-04-26T07:09:11.596Z] [INFO] Checking server readiness (attempt 70/240) at http://localhost:2026...
[2026-04-26T07:09:11.597Z] [INFO] Server not ready yet: socket hang up
[2026-04-26T07:09:12.096Z] [INFO] Checking server readiness (attempt 71/240) at http://localhost:2026...
[2026-04-26T07:09:12.611Z] [INFO] Checking server readiness (attempt 72/240) at http://localhost:2026...
[2026-04-26T07:09:13.111Z] [INFO] Checking server readiness (attempt 73/240) at http://localhost:2026...
[2026-04-26T07:09:13.614Z] [INFO] Checking server readiness (attempt 74/240) at http://localhost:2026...
[2026-04-26T07:09:13.842Z] [INFO] Server responded with status 200
[2026-04-26T07:09:13.843Z] [INFO] Response Content-Type: text/html; charset=utf-8
[2026-04-26T07:09:13.843Z] [INFO] Response Server header: 
[2026-04-26T07:09:13.844Z] [INFO] Response X-Powered-By: Next.js
[2026-04-26T07:09:13.844Z] [INFO] Next.js server started successfully!
[2026-04-26T07:09:13.846Z] [INFO] Server responded with status 200
[2026-04-26T07:09:13.846Z] [INFO] Response Content-Type: text/html; charset=utf-8
[2026-04-26T07:09:13.846Z] [INFO] Response Server header: 
[2026-04-26T07:09:13.847Z] [INFO] Response X-Powered-By: Next.js
[2026-04-26T07:09:13.847Z] [INFO] Next.js server started successfully!
[2026-04-26T07:09:13.848Z] [INFO] Server responded with status 200
[2026-04-26T07:09:13.849Z] [INFO] Response Content-Type: text/html; charset=utf-8
[2026-04-26T07:09:13.849Z] [INFO] Response Server header: 
[2026-04-26T07:09:13.849Z] [INFO] Response X-Powered-By: Next.js
[2026-04-26T07:09:13.850Z] [INFO] Next.js server started successfully!
[2026-04-26T07:09:13.850Z] [INFO] Server responded with status 200
[2026-04-26T07:09:13.851Z] [INFO] Response Content-Type: text/html; charset=utf-8
[2026-04-26T07:09:13.851Z] [INFO] Response Server header: 
[2026-04-26T07:09:13.851Z] [INFO] Response X-Powered-By: Next.js
[2026-04-26T07:09:13.852Z] [INFO] Next.js server started successfully!
[2026-04-26T07:09:18.865Z] [INFO] Startup bootstrap status: ready (SETUP_READY)
[2026-04-26T07:09:18.867Z] [INFO] Auto-backup skipped: today's backup already exists
[2026-04-26T07:09:18.868Z] [INFO] Server ready, loading app URL...
[2026-04-26T07:09:18.874Z] [INFO] Window started loading: data:text/html;charset=utf-8,%3C!DOCTYPE%20html%3E%0A%3Chtml%3E%3Chead%3E%3Cmeta%20charset%3D%22utf-8%22%3E%3Ctitle%3EJK%20PosMan%3C%2Ftitle%3E%0A%3Cstyle%3E*%7Bmargin%3A0%3Bbox-sizing%3Aborder-box%7D%0Abody%7Bbackground%3A%230f172a%3Bcolor%3A%2394a3b8%3Bfont-family%3Asystem-ui%2Csans-serif%3B%0Adisplay%3Aflex%3Bjustify-content%3Acenter%3Balign-items%3Acenter%3Bheight%3A100vh%7D%0A.card%7Btext-align%3Acenter%3Bpadding%3A2rem%7D%0Ah2%7Bcolor%3A%23e2e8f0%3Bfont-size%3A1.5rem%3Bmargin-bottom%3A.5rem%7D%0A.sub%7Bfont-size%3A.9rem%3Bmargin-bottom%3A1.5rem%7D%0A.hint%7Bfont-size%3A.75rem%3Bopacity%3A.5%3Bmargin-top%3A1rem%7D%0A.spinner%7Bwidth%3A36px%3Bheight%3A36px%3Bborder%3A3px%20solid%20%231e3a5f%3Bborder-top-color%3A%233b82f6%3B%0Aborder-radius%3A50%25%3Banimation%3Aspin%201s%20linear%20infinite%3Bmargin%3A0%20auto%201rem%7D%0A%40keyframes%20spin%7Bto%7Btransform%3Arotate(360deg)%7D%7D%3C%2Fstyle%3E%3C%2Fhead%3E%0A%3Cbody%3E%3Cdiv%20class%3D%22card%22%3E%0A%3Cdiv%20class%3D%22spinner%22%3E%3C%2Fdiv%3E%0A%3Ch2%3EJK%20PosMan%3C%2Fh2%3E%0A%3Cp%20class%3D%22sub%22%3EStarting%20application%2C%20please%20wait%E2%80%A6%3C%2Fp%3E%0A%3Cp%20class%3D%22hint%22%3EFirst%20launch%20initialises%20the%20database%20and%20may%20take%20up%20to%20a%20minute.%3C%2Fp%3E%0A%3C%2Fdiv%3E%3C%2Fbody%3E%3C%2Fhtml%3E
[2026-04-26T07:09:18.874Z] [INFO] App loaded successfully
[2026-04-26T07:09:19.369Z] [INFO] Window navigated to: http://localhost:2026/
[2026-04-26T07:09:20.743Z] [INFO] Window navigated in-page to: http://localhost:2026/
[2026-04-26T07:09:20.744Z] [INFO] Window finished loading: http://localhost:2026/
[2026-04-26T07:09:20.745Z] [INFO] Page title: JK PosMan
[2026-04-26T07:09:20.852Z] [ERROR] [server-err] ⚠ Unsupported metadata themeColor is configured in metadata export in /images/jk-big.png. Please move it to viewport export instead.
[2026-04-26T07:09:20.853Z] [ERROR] [server-err] Read more: https://nextjs.org/docs/app/api-reference/functions/generate-viewport
[2026-04-26T07:09:21.306Z] [INFO] Window started loading: http://localhost:2026/
[2026-04-26T07:09:21.307Z] [INFO] Window navigated in-page to: http://localhost:2026/home/billing
[2026-04-26T07:09:21.355Z] [INFO] [server] {"level":30,"time":1777187361347,"pid":3492,"hostname":"Tango-Xt","pricelistId":1,"categoryId":null,"userId":2,"itemCount":7,"msg":"Items fetched for pricelist"}
[2026-04-26T07:09:39.108Z] [ERROR] [server-err] [Error Handler] [creating bill]: {
[2026-04-26T07:09:39.110Z] [ERROR] [server-err]   message: 'Cyclic dependency: "s"',
[2026-04-26T07:09:39.111Z] [ERROR] [server-err]   stack: 'TypeORMError: Cyclic dependency: "s"\n' +
[2026-04-26T07:09:39.112Z] [ERROR] [server-err]     '    at visit (C:\\Users\\Administrator\\AppData\\Local\\Programs\\JK PosMan\\resources\\.next\\standalone\\node_modules\\typeorm\\persistence\\SubjectTopologicalSorter.js:148:23)\n' +
[2026-04-26T07:09:39.112Z] [ERROR] [server-err]     '    at visit (C:\\Users\\Administrator\\AppData\\Local\\Programs\\JK PosMan\\resources\\.next\\standalone\\node_modules\\typeorm\\persistence\\SubjectTopologicalSorter.js:165:21)\n' +
[2026-04-26T07:09:39.113Z] [ERROR] [server-err]     '    at SubjectTopologicalSorter.toposort (C:\\Users\\Administrator\\AppData\\Local\\Programs\\JK PosMan\\resources\\.next\\standalone\\node_modules\\typeorm\\persistence\\SubjectTopologicalSorter.js:144:17)\n' +
[2026-04-26T07:09:39.113Z] [ERROR] [server-err]     '    at SubjectTopologicalSorter.sort (C:\\Users\\Administrator\\AppData\\Local\\Programs\\JK PosMan\\resources\\.next\\standalone\\node_modules\\typeorm\\persistence\\SubjectTopologicalSorter.js:53:45)\n' +
[2026-04-26T07:09:39.114Z] [ERROR] [server-err]     '    at SubjectExecutor.execute (C:\\Users\\Administrator\\AppData\\Local\\Programs\\JK PosMan\\resources\\.next\\standalone\\node_modules\\typeorm\\persistence\\SubjectExecutor.js:91:108)\n' +
[2026-04-26T07:09:39.115Z] [ERROR] [server-err]     '    at EntityPersistExecutor.execute (C:\\Users\\Administrator\\AppData\\Local\\Programs\\JK PosMan\\resources\\.next\\standalone\\node_modules\\typeorm\\persistence\\EntityPersistExecutor.js:140:36)\n' +
[2026-04-26T07:09:39.115Z] [ERROR] [server-err]     '    at process.processTicksAndRejections (node:internal/process/task_queues:105:5)\n' +
[2026-04-26T07:09:39.116Z] [ERROR] [server-err]     '    at async C:\\Users\\Administrator\\AppData\\Local\\Programs\\JK PosMan\\resources\\.next\\standalone\\.next\\server\\chunks\\5389.js:1:5361\n' +
[2026-04-26T07:09:39.116Z] [ERROR] [server-err]     '    at async EntityManager.transaction (C:\\Users\\Administrator\\AppData\\Local\\Programs\\JK PosMan\\resources\\.next\\standalone\\node_modules\\typeorm\\entity-manager\\EntityManager.js:75:28)\n' +
[2026-04-26T07:09:39.117Z] [ERROR] [server-err]     '    at async v.createBill (C:\\Users\\Administrator\\AppData\\Local\\Programs\\JK PosMan\\resources\\.next\\standalone\\.next\\server\\chunks\\5389.js:1:4942)',
[2026-04-26T07:09:39.117Z] [ERROR] [server-err]   name: 'TypeORMError',
[2026-04-26T07:09:39.118Z] [ERROR] [server-err]   code: undefined,
[2026-04-26T07:09:39.118Z] [ERROR] [server-err]   sqlMessage: undefined,
[2026-04-26T07:09:39.119Z] [ERROR] [server-err]   fullError: TypeORMError: Cyclic dependency: "s"
[2026-04-26T07:09:39.119Z] [ERROR] [server-err]       at async (C:\Users\Administrator\AppData\Local\Programs\JK PosMan\resources\.next\standalone\.next\server\chunks\5389.js:1:5361)
[2026-04-26T07:09:39.120Z] [ERROR] [server-err]       at async v.createBill (C:\Users\Administrator\AppData\Local\Programs\JK PosMan\resources\.next\standalone\.next\server\chunks\5389.js:1:4942)
[2026-04-26T07:09:39.120Z] [ERROR] [server-err] }
[2026-04-26T07:10:36.260Z] [ERROR] Server startup timeout after 120 seconds
[2026-04-26T07:10:45.365Z] [INFO] Window started loading: http://localhost:2026/home/billing
[2026-04-26T07:10:45.370Z] [INFO] Window started loading: http://localhost:2026/home/billing
[2026-04-26T07:10:45.695Z] [INFO] Window navigated to: http://localhost:2026/
[2026-04-26T07:10:45.720Z] [INFO] Window finished loading: http://localhost:2026/
[2026-04-26T07:10:45.721Z] [INFO] Page title: JK PosMan
[2026-04-26T07:10:45.729Z] [INFO] Window started loading: http://localhost:2026/
[2026-04-26T07:10:45.730Z] [INFO] Window navigated in-page to: http://localhost:2026/
[2026-04-26T07:10:45.757Z] [ERROR] [server-err] ⚠ Unsupported metadata themeColor is configured in metadata export in /images/jk-big.png. Please move it to viewport export instead.
[2026-04-26T07:10:45.758Z] [ERROR] [server-err] Read more: https://nextjs.org/docs/app/api-reference/functions/generate-viewport
[2026-04-26T07:10:58.011Z] [INFO] Window started loading: http://localhost:2026/
[2026-04-26T07:10:58.013Z] [INFO] Window navigated in-page to: http://localhost:2026/home/billing
[2026-04-26T07:10:58.052Z] [INFO] [server] {"level":30,"time":1777187458050,"pid":3492,"hostname":"Tango-Xt","pricelistId":1,"categoryId":null,"userId":2,"itemCount":7,"msg":"Items fetched for pricelist"}
[2026-04-26T07:11:07.225Z] [ERROR] [server-err] [Error Handler] [creating bill]: {
[2026-04-26T07:11:07.226Z] [ERROR] [server-err]   message: 'Cyclic dependency: "s"',
[2026-04-26T07:11:07.226Z] [ERROR] [server-err]   stack: 'TypeORMError: Cyclic dependency: "s"\n' +
[2026-04-26T07:11:07.227Z] [ERROR] [server-err]     '    at visit (C:\\Users\\Administrator\\AppData\\Local\\Programs\\JK PosMan\\resources\\.next\\standalone\\node_modules\\typeorm\\persistence\\SubjectTopologicalSorter.js:148:23)\n' +
[2026-04-26T07:11:07.227Z] [ERROR] [server-err]     '    at visit (C:\\Users\\Administrator\\AppData\\Local\\Programs\\JK PosMan\\resources\\.next\\standalone\\node_modules\\typeorm\\persistence\\SubjectTopologicalSorter.js:165:21)\n' +
[2026-04-26T07:11:07.228Z] [ERROR] [server-err]     '    at SubjectTopologicalSorter.toposort (C:\\Users\\Administrator\\AppData\\Local\\Programs\\JK PosMan\\resources\\.next\\standalone\\node_modules\\typeorm\\persistence\\SubjectTopologicalSorter.js:144:17)\n' +
[2026-04-26T07:11:07.228Z] [ERROR] [server-err]     '    at SubjectTopologicalSorter.sort (C:\\Users\\Administrator\\AppData\\Local\\Programs\\JK PosMan\\resources\\.next\\standalone\\node_modules\\typeorm\\persistence\\SubjectTopologicalSorter.js:53:45)\n' +
[2026-04-26T07:11:07.228Z] [ERROR] [server-err]     '    at SubjectExecutor.execute (C:\\Users\\Administrator\\AppData\\Local\\Programs\\JK PosMan\\resources\\.next\\standalone\\node_modules\\typeorm\\persistence\\SubjectExecutor.js:91:108)\n' +
[2026-04-26T07:11:07.229Z] [ERROR] [server-err]     '    at EntityPersistExecutor.execute (C:\\Users\\Administrator\\AppData\\Local\\Programs\\JK PosMan\\resources\\.next\\standalone\\node_modules\\typeorm\\persistence\\EntityPersistExecutor.js:140:36)\n' +
[2026-04-26T07:11:07.229Z] [ERROR] [server-err]     '    at process.processTicksAndRejections (node:internal/process/task_queues:105:5)\n' +
[2026-04-26T07:11:07.229Z] [ERROR] [server-err]     '    at async C:\\Users\\Administrator\\AppData\\Local\\Programs\\JK PosMan\\resources\\.next\\standalone\\.next\\server\\chunks\\5389.js:1:5361\n' +
[2026-04-26T07:11:07.230Z] [ERROR] [server-err]     '    at async EntityManager.transaction (C:\\Users\\Administrator\\AppData\\Local\\Programs\\JK PosMan\\resources\\.next\\standalone\\node_modules\\typeorm\\entity-manager\\EntityManager.js:75:28)\n' +
[2026-04-26T07:11:07.230Z] [ERROR] [server-err]     '    at async v.createBill (C:\\Users\\Administrator\\AppData\\Local\\Programs\\JK PosMan\\resources\\.next\\standalone\\.next\\server\\chunks\\5389.js:1:4942)',
[2026-04-26T07:11:07.231Z] [ERROR] [server-err]   name: 'TypeORMError',
[2026-04-26T07:11:07.231Z] [ERROR] [server-err]   code: undefined,
[2026-04-26T07:11:07.231Z] [ERROR] [server-err]   sqlMessage: undefined,
[2026-04-26T07:11:07.232Z] [ERROR] [server-err]   fullError: TypeORMError: Cyclic dependency: "s"
[2026-04-26T07:11:07.232Z] [ERROR] [server-err]       at async (C:\Users\Administrator\AppData\Local\Programs\JK PosMan\resources\.next\standalone\.next\server\chunks\5389.js:1:5361)
[2026-04-26T07:11:07.233Z] [ERROR] [server-err]       at async v.createBill (C:\Users\Administrator\AppData\Local\Programs\JK PosMan\resources\.next\standalone\.next\server\chunks\5389.js:1:4942)
[2026-04-26T07:11:07.233Z] [ERROR] [server-err] }
